Output shape: torch.Size([1, 64, 568, 568])
tensor([[[[ 0.5497,  0.5497,  0.5497,  ...,  0.5497,  0.5497,  0.5497],
          [ 0.5497,  0.5497,  0.5497,  ...,  0.5497,  0.5497,  0.5497],
          [ 0.5497,  0.5497,  0.5497,  ...,  0.5497,  0.5497,  0.5497],
          ...,
          [ 0.5484,  0.5484,  0.5484,  ...,  0.5484,  0.5484,  0.5484],
          [ 0.5498,  0.5498,  0.5498,  ...,  0.5498,  0.5498,  0.5498],
          [ 0.5451,  0.5451,  0.5451,  ...,  0.5451,  0.5451,  0.5451]],

         [[ 0.3209,  0.3209,  0.3209,  ...,  0.3209,  0.3209,  0.3209],
          [ 0.3209,  0.3209,  0.3209,  ...,  0.3209,  0.3209,  0.3209],
          [ 0.3209,  0.3209,  0.3209,  ...,  0.3209,  0.3209,  0.3209],
          ...,
          [ 0.3211,  0.3211,  0.3211,  ...,  0.3211,  0.3211,  0.3211],
          [ 0.3219,  0.3219,  0.3219,  ...,  0.3219,  0.3219,  0.3219],
          [ 0.3223,  0.3223,  0.3223,  ...,  0.3223,  0.3223,  0.3223]],

         [[ 0.3946,  0.3946,  0.3946,  ...,  0.3946,  0.3946,  0.3946],
          [ 0.3946,  0.3946,  0.3946,  ...,  0.3946,  0.3946,  0.3946],
          [ 0.3946,  0.3946,  0.3946,  ...,  0.3946,  0.3946,  0.3946],
          ...,
          [ 0.3945,  0.3945,  0.3945,  ...,  0.3945,  0.3945,  0.3945],
          [ 0.3915,  0.3915,  0.3915,  ...,  0.3915,  0.3915,  0.3915],
          [ 0.3946,  0.3946,  0.3946,  ...,  0.3946,  0.3946,  0.3946]],

         ...,

         [[-0.2031, -0.2031, -0.2031,  ..., -0.2031, -0.2031, -0.2031],
          [-0.2031, -0.2031, -0.2031,  ..., -0.2031, -0.2031, -0.2031],
          [-0.2031, -0.2031, -0.2031,  ..., -0.2031, -0.2031, -0.2031],
          ...,
          [-0.2026, -0.2026, -0.2026,  ..., -0.2026, -0.2026, -0.2026],
          [-0.2035, -0.2035, -0.2035,  ..., -0.2035, -0.2035, -0.2035],
          [-0.2028, -0.2028, -0.2028,  ..., -0.2028, -0.2028, -0.2028]],

         [[ 0.1243,  0.1243,  0.1243,  ...,  0.1243,  0.1243,  0.1243],
          [ 0.1243,  0.1243,  0.1243,  ...,  0.1243,  0.1243,  0.1243],
          [ 0.1243,  0.1243,  0.1243,  ...,  0.1243,  0.1243,  0.1243],
          ...,
          [ 0.1243,  0.1243,  0.1243,  ...,  0.1243,  0.1243,  0.1243],
          [ 0.1232,  0.1232,  0.1232,  ...,  0.1232,  0.1232,  0.1232],
          [ 0.1239,  0.1239,  0.1239,  ...,  0.1239,  0.1239,  0.1239]],

         [[ 0.0913,  0.0913,  0.0913,  ...,  0.0913,  0.0913,  0.0913],
          [ 0.0913,  0.0913,  0.0913,  ...,  0.0913,  0.0913,  0.0913],
          [ 0.0913,  0.0913,  0.0913,  ...,  0.0913,  0.0913,  0.0913],
          ...,
          [ 0.0912,  0.0912,  0.0912,  ...,  0.0912,  0.0912,  0.0912],
          [ 0.0918,  0.0918,  0.0918,  ...,  0.0918,  0.0918,  0.0918],
          [ 0.0903,  0.0903,  0.0903,  ...,  0.0903,  0.0903,  0.0903]]]],
       grad_fn=<ConvolutionBackward0>)
